<?xml version="1.0" encoding="UTF-8"?>
<!-- Generated by org.testng.reporters.JUnitReportReporter -->
<testsuite hostname="Jarvis" failures="0" tests="4" name="api.test.UserTests" time="9.017" errors="0" timestamp="2025-02-07T12:04:01 IST" skipped="0">
  <testcase classname="api.test.UserTests" name="testPostUser" time="3.779"/>
  <system-out/>
  <testcase classname="api.test.UserTests" name="testGetUserByName" time="1.303"/>
  <system-out/>
  <testcase classname="api.test.UserTests" name="testUpdateUserByName" time="2.591"/>
  <system-out/>
  <testcase classname="api.test.UserTests" name="testDeleteUserByName" time="1.344"/>
  <system-out/>
</testsuite> <!-- api.test.UserTests -->
