<?xml version="1.0" encoding="UTF-8"?>
<!-- Generated by org.testng.reporters.JUnitReportReporter -->
<testsuite hostname="Jarvis" failures="0" tests="4" name="api.test.UserTests" time="8.926" errors="0" timestamp="2025-02-10T06:19:19 IST" skipped="0">
  <testcase classname="api.test.UserTests" name="testPostUser" time="3.551"/>
  <system-out/>
  <testcase classname="api.test.UserTests" name="testGetUserByName" time="1.391"/>
  <system-out/>
  <testcase classname="api.test.UserTests" name="testUpdateUserByName" time="2.657"/>
  <system-out/>
  <testcase classname="api.test.UserTests" name="testDeleteUserByName" time="1.327"/>
  <system-out/>
</testsuite> <!-- api.test.UserTests -->
